have_header: checking for sqlite3.h... -------------------- yes

"clang -o conftest -I/usr/local/opt/rbenv/versions/2.2.3/include/ruby-2.2.0/x86_64-darwin15 -I/usr/local/opt/rbenv/versions/2.2.3/include/ruby-2.2.0/ruby/backward -I/usr/local/opt/rbenv/versions/2.2.3/include/ruby-2.2.0 -I. -I/usr/local/include -I/opt/local/include -I/usr/include -I/usr/local/opt/rbenv/versions/2.2.3/include  -D_XOPEN_SOURCE -D_DARWIN_C_SOURCE -D_DARWIN_UNLIMITED_SELECT -D_REENTRANT    -O3 -Wno-error=shorten-64-to-32  -pipe -Wall  -DHAVE_NO_DATETIME_NEWBANG conftest.c  -L/usr/local/lib -L/opt/local/lib -L/usr/lib -L. -L/usr/local/opt/rbenv/versions/2.2.3/lib -L. -L/usr/local/opt/rbenv/versions/2.2.3/lib  -fstack-protector     -lruby-static -framework CoreFoundation  -lpthread -ldl -lobjc "
ld: warning: directory not found for option '-L/opt/local/lib'
checked program was:
/* begin */
1: #include "ruby.h"
2: 
3: int main(int argc, char **argv)
4: {
5:   return 0;
6: }
/* end */

"clang -E -I/usr/local/opt/rbenv/versions/2.2.3/include/ruby-2.2.0/x86_64-darwin15 -I/usr/local/opt/rbenv/versions/2.2.3/include/ruby-2.2.0/ruby/backward -I/usr/local/opt/rbenv/versions/2.2.3/include/ruby-2.2.0 -I. -I/usr/local/include -I/opt/local/include -I/usr/include -I/usr/local/opt/rbenv/versions/2.2.3/include  -D_XOPEN_SOURCE -D_DARWIN_C_SOURCE -D_DARWIN_UNLIMITED_SELECT -D_REENTRANT    -O3 -Wno-error=shorten-64-to-32  -pipe -Wall  -DHAVE_NO_DATETIME_NEWBANG  conftest.c -o conftest.i"
checked program was:
/* begin */
1: #include "ruby.h"
2: 
3: #include <sqlite3.h>
/* end */

--------------------

have_library: checking for sqlite3_open() in -lsqlite3... -------------------- yes

"clang -o conftest -I/usr/local/opt/rbenv/versions/2.2.3/include/ruby-2.2.0/x86_64-darwin15 -I/usr/local/opt/rbenv/versions/2.2.3/include/ruby-2.2.0/ruby/backward -I/usr/local/opt/rbenv/versions/2.2.3/include/ruby-2.2.0 -I. -I/usr/local/include -I/opt/local/include -I/usr/include -I/usr/local/opt/rbenv/versions/2.2.3/include  -D_XOPEN_SOURCE -D_DARWIN_C_SOURCE -D_DARWIN_UNLIMITED_SELECT -D_REENTRANT    -O3 -Wno-error=shorten-64-to-32  -pipe -Wall  -DHAVE_NO_DATETIME_NEWBANG conftest.c  -L/usr/local/lib -L/opt/local/lib -L/usr/lib -L. -L/usr/local/opt/rbenv/versions/2.2.3/lib -L. -L/usr/local/opt/rbenv/versions/2.2.3/lib  -fstack-protector     -lruby-static -framework CoreFoundation -lsqlite3  -lpthread -ldl -lobjc "
conftest.c:13:57: error: use of undeclared identifier 'sqlite3_open'
int t(void) { void ((*volatile p)()); p = (void ((*)()))sqlite3_open; return 0; }
                                                        ^
1 error generated.
checked program was:
/* begin */
 1: #include "ruby.h"
 2: 
 3: /*top*/
 4: extern int t(void);
 5: int main(int argc, char **argv)
 6: {
 7:   if (argc > 1000000) {
 8:     printf("%p", &t);
 9:   }
10: 
11:   return 0;
12: }
13: int t(void) { void ((*volatile p)()); p = (void ((*)()))sqlite3_open; return 0; }
/* end */

"clang -o conftest -I/usr/local/opt/rbenv/versions/2.2.3/include/ruby-2.2.0/x86_64-darwin15 -I/usr/local/opt/rbenv/versions/2.2.3/include/ruby-2.2.0/ruby/backward -I/usr/local/opt/rbenv/versions/2.2.3/include/ruby-2.2.0 -I. -I/usr/local/include -I/opt/local/include -I/usr/include -I/usr/local/opt/rbenv/versions/2.2.3/include  -D_XOPEN_SOURCE -D_DARWIN_C_SOURCE -D_DARWIN_UNLIMITED_SELECT -D_REENTRANT    -O3 -Wno-error=shorten-64-to-32  -pipe -Wall  -DHAVE_NO_DATETIME_NEWBANG conftest.c  -L/usr/local/lib -L/opt/local/lib -L/usr/lib -L. -L/usr/local/opt/rbenv/versions/2.2.3/lib -L. -L/usr/local/opt/rbenv/versions/2.2.3/lib  -fstack-protector     -lruby-static -framework CoreFoundation -lsqlite3  -lpthread -ldl -lobjc "
conftest.c:13:15: warning: implicit declaration of function 'sqlite3_open' is invalid in C99 [-Wimplicit-function-declaration]
int t(void) { sqlite3_open(); return 0; }
              ^
1 warning generated.
ld: warning: directory not found for option '-L/opt/local/lib'
checked program was:
/* begin */
 1: #include "ruby.h"
 2: 
 3: /*top*/
 4: extern int t(void);
 5: int main(int argc, char **argv)
 6: {
 7:   if (argc > 1000000) {
 8:     printf("%p", &t);
 9:   }
10: 
11:   return 0;
12: }
13: int t(void) { sqlite3_open(); return 0; }
/* end */

--------------------

have_func: checking for localtime_r()... -------------------- yes

"clang -o conftest -I/usr/local/opt/rbenv/versions/2.2.3/include/ruby-2.2.0/x86_64-darwin15 -I/usr/local/opt/rbenv/versions/2.2.3/include/ruby-2.2.0/ruby/backward -I/usr/local/opt/rbenv/versions/2.2.3/include/ruby-2.2.0 -I. -I/usr/local/include -I/opt/local/include -I/usr/include -I/usr/local/opt/rbenv/versions/2.2.3/include  -D_XOPEN_SOURCE -D_DARWIN_C_SOURCE -D_DARWIN_UNLIMITED_SELECT -D_REENTRANT    -O3 -Wno-error=shorten-64-to-32  -pipe -Wall  -DHAVE_NO_DATETIME_NEWBANG conftest.c  -L/usr/local/lib -L/opt/local/lib -L/usr/lib -L. -L/usr/local/opt/rbenv/versions/2.2.3/lib -L. -L/usr/local/opt/rbenv/versions/2.2.3/lib  -fstack-protector    -lsqlite3  -lruby-static -framework CoreFoundation -lsqlite3  -lpthread -ldl -lobjc "
conftest.c:13:57: error: use of undeclared identifier 'localtime_r'
int t(void) { void ((*volatile p)()); p = (void ((*)()))localtime_r; return 0; }
                                                        ^
1 error generated.
checked program was:
/* begin */
 1: #include "ruby.h"
 2: 
 3: /*top*/
 4: extern int t(void);
 5: int main(int argc, char **argv)
 6: {
 7:   if (argc > 1000000) {
 8:     printf("%p", &t);
 9:   }
10: 
11:   return 0;
12: }
13: int t(void) { void ((*volatile p)()); p = (void ((*)()))localtime_r; return 0; }
/* end */

"clang -o conftest -I/usr/local/opt/rbenv/versions/2.2.3/include/ruby-2.2.0/x86_64-darwin15 -I/usr/local/opt/rbenv/versions/2.2.3/include/ruby-2.2.0/ruby/backward -I/usr/local/opt/rbenv/versions/2.2.3/include/ruby-2.2.0 -I. -I/usr/local/include -I/opt/local/include -I/usr/include -I/usr/local/opt/rbenv/versions/2.2.3/include  -D_XOPEN_SOURCE -D_DARWIN_C_SOURCE -D_DARWIN_UNLIMITED_SELECT -D_REENTRANT    -O3 -Wno-error=shorten-64-to-32  -pipe -Wall  -DHAVE_NO_DATETIME_NEWBANG conftest.c  -L/usr/local/lib -L/opt/local/lib -L/usr/lib -L. -L/usr/local/opt/rbenv/versions/2.2.3/lib -L. -L/usr/local/opt/rbenv/versions/2.2.3/lib  -fstack-protector    -lsqlite3  -lruby-static -framework CoreFoundation -lsqlite3  -lpthread -ldl -lobjc "
conftest.c:13:15: warning: implicit declaration of function 'localtime_r' is invalid in C99 [-Wimplicit-function-declaration]
int t(void) { localtime_r(); return 0; }
              ^
1 warning generated.
ld: warning: directory not found for option '-L/opt/local/lib'
checked program was:
/* begin */
 1: #include "ruby.h"
 2: 
 3: /*top*/
 4: extern int t(void);
 5: int main(int argc, char **argv)
 6: {
 7:   if (argc > 1000000) {
 8:     printf("%p", &t);
 9:   }
10: 
11:   return 0;
12: }
13: int t(void) { localtime_r(); return 0; }
/* end */

--------------------

have_func: checking for gmtime_r()... -------------------- yes

"clang -o conftest -I/usr/local/opt/rbenv/versions/2.2.3/include/ruby-2.2.0/x86_64-darwin15 -I/usr/local/opt/rbenv/versions/2.2.3/include/ruby-2.2.0/ruby/backward -I/usr/local/opt/rbenv/versions/2.2.3/include/ruby-2.2.0 -I. -I/usr/local/include -I/opt/local/include -I/usr/include -I/usr/local/opt/rbenv/versions/2.2.3/include  -D_XOPEN_SOURCE -D_DARWIN_C_SOURCE -D_DARWIN_UNLIMITED_SELECT -D_REENTRANT    -O3 -Wno-error=shorten-64-to-32  -pipe -Wall  -DHAVE_NO_DATETIME_NEWBANG conftest.c  -L/usr/local/lib -L/opt/local/lib -L/usr/lib -L. -L/usr/local/opt/rbenv/versions/2.2.3/lib -L. -L/usr/local/opt/rbenv/versions/2.2.3/lib  -fstack-protector    -lsqlite3  -lruby-static -framework CoreFoundation -lsqlite3  -lpthread -ldl -lobjc "
conftest.c:13:57: error: use of undeclared identifier 'gmtime_r'
int t(void) { void ((*volatile p)()); p = (void ((*)()))gmtime_r; return 0; }
                                                        ^
1 error generated.
checked program was:
/* begin */
 1: #include "ruby.h"
 2: 
 3: /*top*/
 4: extern int t(void);
 5: int main(int argc, char **argv)
 6: {
 7:   if (argc > 1000000) {
 8:     printf("%p", &t);
 9:   }
10: 
11:   return 0;
12: }
13: int t(void) { void ((*volatile p)()); p = (void ((*)()))gmtime_r; return 0; }
/* end */

"clang -o conftest -I/usr/local/opt/rbenv/versions/2.2.3/include/ruby-2.2.0/x86_64-darwin15 -I/usr/local/opt/rbenv/versions/2.2.3/include/ruby-2.2.0/ruby/backward -I/usr/local/opt/rbenv/versions/2.2.3/include/ruby-2.2.0 -I. -I/usr/local/include -I/opt/local/include -I/usr/include -I/usr/local/opt/rbenv/versions/2.2.3/include  -D_XOPEN_SOURCE -D_DARWIN_C_SOURCE -D_DARWIN_UNLIMITED_SELECT -D_REENTRANT    -O3 -Wno-error=shorten-64-to-32  -pipe -Wall  -DHAVE_NO_DATETIME_NEWBANG conftest.c  -L/usr/local/lib -L/opt/local/lib -L/usr/lib -L. -L/usr/local/opt/rbenv/versions/2.2.3/lib -L. -L/usr/local/opt/rbenv/versions/2.2.3/lib  -fstack-protector    -lsqlite3  -lruby-static -framework CoreFoundation -lsqlite3  -lpthread -ldl -lobjc "
conftest.c:13:15: warning: implicit declaration of function 'gmtime_r' is invalid in C99 [-Wimplicit-function-declaration]
int t(void) { gmtime_r(); return 0; }
              ^
1 warning generated.
ld: warning: directory not found for option '-L/opt/local/lib'
checked program was:
/* begin */
 1: #include "ruby.h"
 2: 
 3: /*top*/
 4: extern int t(void);
 5: int main(int argc, char **argv)
 6: {
 7:   if (argc > 1000000) {
 8:     printf("%p", &t);
 9:   }
10: 
11:   return 0;
12: }
13: int t(void) { gmtime_r(); return 0; }
/* end */

--------------------

have_func: checking for sqlite3_prepare_v2()... -------------------- yes

"clang -o conftest -I/usr/local/opt/rbenv/versions/2.2.3/include/ruby-2.2.0/x86_64-darwin15 -I/usr/local/opt/rbenv/versions/2.2.3/include/ruby-2.2.0/ruby/backward -I/usr/local/opt/rbenv/versions/2.2.3/include/ruby-2.2.0 -I. -I/usr/local/include -I/opt/local/include -I/usr/include -I/usr/local/opt/rbenv/versions/2.2.3/include  -D_XOPEN_SOURCE -D_DARWIN_C_SOURCE -D_DARWIN_UNLIMITED_SELECT -D_REENTRANT    -O3 -Wno-error=shorten-64-to-32  -pipe -Wall  -DHAVE_NO_DATETIME_NEWBANG conftest.c  -L/usr/local/lib -L/opt/local/lib -L/usr/lib -L. -L/usr/local/opt/rbenv/versions/2.2.3/lib -L. -L/usr/local/opt/rbenv/versions/2.2.3/lib  -fstack-protector    -lsqlite3  -lruby-static -framework CoreFoundation -lsqlite3  -lpthread -ldl -lobjc "
conftest.c:13:57: error: use of undeclared identifier 'sqlite3_prepare_v2'
int t(void) { void ((*volatile p)()); p = (void ((*)()))sqlite3_prepare_v2; return 0; }
                                                        ^
1 error generated.
checked program was:
/* begin */
 1: #include "ruby.h"
 2: 
 3: /*top*/
 4: extern int t(void);
 5: int main(int argc, char **argv)
 6: {
 7:   if (argc > 1000000) {
 8:     printf("%p", &t);
 9:   }
10: 
11:   return 0;
12: }
13: int t(void) { void ((*volatile p)()); p = (void ((*)()))sqlite3_prepare_v2; return 0; }
/* end */

"clang -o conftest -I/usr/local/opt/rbenv/versions/2.2.3/include/ruby-2.2.0/x86_64-darwin15 -I/usr/local/opt/rbenv/versions/2.2.3/include/ruby-2.2.0/ruby/backward -I/usr/local/opt/rbenv/versions/2.2.3/include/ruby-2.2.0 -I. -I/usr/local/include -I/opt/local/include -I/usr/include -I/usr/local/opt/rbenv/versions/2.2.3/include  -D_XOPEN_SOURCE -D_DARWIN_C_SOURCE -D_DARWIN_UNLIMITED_SELECT -D_REENTRANT    -O3 -Wno-error=shorten-64-to-32  -pipe -Wall  -DHAVE_NO_DATETIME_NEWBANG conftest.c  -L/usr/local/lib -L/opt/local/lib -L/usr/lib -L. -L/usr/local/opt/rbenv/versions/2.2.3/lib -L. -L/usr/local/opt/rbenv/versions/2.2.3/lib  -fstack-protector    -lsqlite3  -lruby-static -framework CoreFoundation -lsqlite3  -lpthread -ldl -lobjc "
conftest.c:13:15: warning: implicit declaration of function 'sqlite3_prepare_v2' is invalid in C99 [-Wimplicit-function-declaration]
int t(void) { sqlite3_prepare_v2(); return 0; }
              ^
1 warning generated.
ld: warning: directory not found for option '-L/opt/local/lib'
checked program was:
/* begin */
 1: #include "ruby.h"
 2: 
 3: /*top*/
 4: extern int t(void);
 5: int main(int argc, char **argv)
 6: {
 7:   if (argc > 1000000) {
 8:     printf("%p", &t);
 9:   }
10: 
11:   return 0;
12: }
13: int t(void) { sqlite3_prepare_v2(); return 0; }
/* end */

--------------------

have_func: checking for sqlite3_open_v2()... -------------------- yes

"clang -o conftest -I/usr/local/opt/rbenv/versions/2.2.3/include/ruby-2.2.0/x86_64-darwin15 -I/usr/local/opt/rbenv/versions/2.2.3/include/ruby-2.2.0/ruby/backward -I/usr/local/opt/rbenv/versions/2.2.3/include/ruby-2.2.0 -I. -I/usr/local/include -I/opt/local/include -I/usr/include -I/usr/local/opt/rbenv/versions/2.2.3/include  -D_XOPEN_SOURCE -D_DARWIN_C_SOURCE -D_DARWIN_UNLIMITED_SELECT -D_REENTRANT    -O3 -Wno-error=shorten-64-to-32  -pipe -Wall  -DHAVE_NO_DATETIME_NEWBANG conftest.c  -L/usr/local/lib -L/opt/local/lib -L/usr/lib -L. -L/usr/local/opt/rbenv/versions/2.2.3/lib -L. -L/usr/local/opt/rbenv/versions/2.2.3/lib  -fstack-protector    -lsqlite3  -lruby-static -framework CoreFoundation -lsqlite3  -lpthread -ldl -lobjc "
conftest.c:13:57: error: use of undeclared identifier 'sqlite3_open_v2'
int t(void) { void ((*volatile p)()); p = (void ((*)()))sqlite3_open_v2; return 0; }
                                                        ^
1 error generated.
checked program was:
/* begin */
 1: #include "ruby.h"
 2: 
 3: /*top*/
 4: extern int t(void);
 5: int main(int argc, char **argv)
 6: {
 7:   if (argc > 1000000) {
 8:     printf("%p", &t);
 9:   }
10: 
11:   return 0;
12: }
13: int t(void) { void ((*volatile p)()); p = (void ((*)()))sqlite3_open_v2; return 0; }
/* end */

"clang -o conftest -I/usr/local/opt/rbenv/versions/2.2.3/include/ruby-2.2.0/x86_64-darwin15 -I/usr/local/opt/rbenv/versions/2.2.3/include/ruby-2.2.0/ruby/backward -I/usr/local/opt/rbenv/versions/2.2.3/include/ruby-2.2.0 -I. -I/usr/local/include -I/opt/local/include -I/usr/include -I/usr/local/opt/rbenv/versions/2.2.3/include  -D_XOPEN_SOURCE -D_DARWIN_C_SOURCE -D_DARWIN_UNLIMITED_SELECT -D_REENTRANT    -O3 -Wno-error=shorten-64-to-32  -pipe -Wall  -DHAVE_NO_DATETIME_NEWBANG conftest.c  -L/usr/local/lib -L/opt/local/lib -L/usr/lib -L. -L/usr/local/opt/rbenv/versions/2.2.3/lib -L. -L/usr/local/opt/rbenv/versions/2.2.3/lib  -fstack-protector    -lsqlite3  -lruby-static -framework CoreFoundation -lsqlite3  -lpthread -ldl -lobjc "
conftest.c:13:15: warning: implicit declaration of function 'sqlite3_open_v2' is invalid in C99 [-Wimplicit-function-declaration]
int t(void) { sqlite3_open_v2(); return 0; }
              ^
1 warning generated.
ld: warning: directory not found for option '-L/opt/local/lib'
checked program was:
/* begin */
 1: #include "ruby.h"
 2: 
 3: /*top*/
 4: extern int t(void);
 5: int main(int argc, char **argv)
 6: {
 7:   if (argc > 1000000) {
 8:     printf("%p", &t);
 9:   }
10: 
11:   return 0;
12: }
13: int t(void) { sqlite3_open_v2(); return 0; }
/* end */

--------------------

have_func: checking for sqlite3_enable_load_extension()... -------------------- no

"clang -o conftest -I/usr/local/opt/rbenv/versions/2.2.3/include/ruby-2.2.0/x86_64-darwin15 -I/usr/local/opt/rbenv/versions/2.2.3/include/ruby-2.2.0/ruby/backward -I/usr/local/opt/rbenv/versions/2.2.3/include/ruby-2.2.0 -I. -I/usr/local/include -I/opt/local/include -I/usr/include -I/usr/local/opt/rbenv/versions/2.2.3/include  -D_XOPEN_SOURCE -D_DARWIN_C_SOURCE -D_DARWIN_UNLIMITED_SELECT -D_REENTRANT    -O3 -Wno-error=shorten-64-to-32  -pipe -Wall  -DHAVE_NO_DATETIME_NEWBANG conftest.c  -L/usr/local/lib -L/opt/local/lib -L/usr/lib -L. -L/usr/local/opt/rbenv/versions/2.2.3/lib -L. -L/usr/local/opt/rbenv/versions/2.2.3/lib  -fstack-protector    -lsqlite3  -lruby-static -framework CoreFoundation -lsqlite3  -lpthread -ldl -lobjc "
conftest.c:13:57: error: use of undeclared identifier 'sqlite3_enable_load_extension'
int t(void) { void ((*volatile p)()); p = (void ((*)()))sqlite3_enable_load_extension; return 0; }
                                                        ^
1 error generated.
checked program was:
/* begin */
 1: #include "ruby.h"
 2: 
 3: /*top*/
 4: extern int t(void);
 5: int main(int argc, char **argv)
 6: {
 7:   if (argc > 1000000) {
 8:     printf("%p", &t);
 9:   }
10: 
11:   return 0;
12: }
13: int t(void) { void ((*volatile p)()); p = (void ((*)()))sqlite3_enable_load_extension; return 0; }
/* end */

"clang -o conftest -I/usr/local/opt/rbenv/versions/2.2.3/include/ruby-2.2.0/x86_64-darwin15 -I/usr/local/opt/rbenv/versions/2.2.3/include/ruby-2.2.0/ruby/backward -I/usr/local/opt/rbenv/versions/2.2.3/include/ruby-2.2.0 -I. -I/usr/local/include -I/opt/local/include -I/usr/include -I/usr/local/opt/rbenv/versions/2.2.3/include  -D_XOPEN_SOURCE -D_DARWIN_C_SOURCE -D_DARWIN_UNLIMITED_SELECT -D_REENTRANT    -O3 -Wno-error=shorten-64-to-32  -pipe -Wall  -DHAVE_NO_DATETIME_NEWBANG conftest.c  -L/usr/local/lib -L/opt/local/lib -L/usr/lib -L. -L/usr/local/opt/rbenv/versions/2.2.3/lib -L. -L/usr/local/opt/rbenv/versions/2.2.3/lib  -fstack-protector    -lsqlite3  -lruby-static -framework CoreFoundation -lsqlite3  -lpthread -ldl -lobjc "
conftest.c:13:15: warning: implicit declaration of function 'sqlite3_enable_load_extension' is invalid in C99 [-Wimplicit-function-declaration]
int t(void) { sqlite3_enable_load_extension(); return 0; }
              ^
1 warning generated.
ld: warning: directory not found for option '-L/opt/local/lib'
Undefined symbols for architecture x86_64:
  "_sqlite3_enable_load_extension", referenced from:
      _t in conftest-36baa0.o
ld: symbol(s) not found for architecture x86_64
clang: error: linker command failed with exit code 1 (use -v to see invocation)
checked program was:
/* begin */
 1: #include "ruby.h"
 2: 
 3: /*top*/
 4: extern int t(void);
 5: int main(int argc, char **argv)
 6: {
 7:   if (argc > 1000000) {
 8:     printf("%p", &t);
 9:   }
10: 
11:   return 0;
12: }
13: int t(void) { sqlite3_enable_load_extension(); return 0; }
/* end */

--------------------

